In file included from [01m[K/home/nvidia/f1tenth_ws/src/ros2_ouster_drivers/ros2_ouster/src/sensor_tins.cpp:19[m[K:
[01m[K/home/nvidia/f1tenth_ws/src/ros2_ouster_drivers/ros2_ouster/include/ros2_ouster/sensor_tins.hpp:18:10:[m[K [01;31m[Kfatal error: [m[Ktins/packet.h: No such file or directory
   18 | #include [01;31m[K<tins/packet.h>[m[K
      |          [01;31m[K^~~~~~~~~~~~~~~[m[K
compilation terminated.
gmake[2]: *** [CMakeFiles/ouster_driver_core.dir/build.make:132: CMakeFiles/ouster_driver_core.dir/src/sensor_tins.cpp.o] Error 1
gmake[2]: *** Waiting for unfinished jobs....
In file included from [01m[K/home/nvidia/f1tenth_ws/src/ros2_ouster_drivers/ros2_ouster/src/ouster_driver.cpp:28[m[K:
[01m[K/home/nvidia/f1tenth_ws/src/ros2_ouster_drivers/ros2_ouster/include/ros2_ouster/sensor_tins.hpp:18:10:[m[K [01;31m[Kfatal error: [m[Ktins/packet.h: No such file or directory
   18 | #include [01;31m[K<tins/packet.h>[m[K
      |          [01;31m[K^~~~~~~~~~~~~~~[m[K
compilation terminated.
In file included from [01m[K/home/nvidia/f1tenth_ws/src/ros2_ouster_drivers/ros2_ouster/src/driver_types.cpp:20[m[K:
[01m[K/home/nvidia/f1tenth_ws/src/ros2_ouster_drivers/ros2_ouster/include/ros2_ouster/sensor_tins.hpp:18:10:[m[K [01;31m[Kfatal error: [m[Ktins/packet.h: No such file or directory
   18 | #include [01;31m[K<tins/packet.h>[m[K
      |          [01;31m[K^~~~~~~~~~~~~~~[m[K
compilation terminated.
gmake[2]: *** [CMakeFiles/ouster_driver_core.dir/build.make:90: CMakeFiles/ouster_driver_core.dir/src/ouster_driver.cpp.o] Error 1
gmake[2]: *** [CMakeFiles/ouster_driver_core.dir/build.make:76: CMakeFiles/ouster_driver_core.dir/src/driver_types.cpp.o] Error 1
gmake[1]: *** [CMakeFiles/Makefile2:141: CMakeFiles/ouster_driver_core.dir/all] Error 2
gmake: *** [Makefile:146: all] Error 2
