[0.021s] Invoking command in '/home/nvidia/f1tenth_ws/build/ros2_ouster': AMENT_PREFIX_PATH=/home/nvidia/f1tenth_ws/install/ouster_msgs:${AMENT_PREFIX_PATH} CMAKE_PREFIX_PATH=/home/nvidia/f1tenth_ws/install/ouster_msgs:/opt/ros/humble LD_LIBRARY_PATH=/home/nvidia/f1tenth_ws/install/ouster_msgs/lib:/opt/ros/humble/opt/rviz_ogre_vendor/lib:/opt/ros/humble/lib/aarch64-linux-gnu:/opt/ros/humble/lib:/usr/local/cuda-12.2/lib64 PYTHONPATH=/home/nvidia/f1tenth_ws/install/ouster_msgs/local/lib/python3.10/dist-packages:${PYTHONPATH} /usr/bin/cmake /home/nvidia/f1tenth_ws/src/ros2_ouster_drivers/ros2_ouster -DCMAKE_INSTALL_PREFIX=/home/nvidia/f1tenth_ws/install/ros2_ouster
[0.142s] -- The C compiler identification is GNU 11.4.0
[0.262s] -- The CXX compiler identification is GNU 11.4.0
[0.281s] -- Detecting C compiler ABI info
[0.431s] -- Detecting C compiler ABI info - done
[0.456s] -- Check for working C compiler: /usr/bin/cc - skipped
[0.457s] -- Detecting C compile features
[0.459s] -- Detecting C compile features - done
[0.466s] -- Detecting CXX compiler ABI info
[0.637s] -- Detecting CXX compiler ABI info - done
[0.663s] -- Check for working CXX compiler: /usr/bin/c++ - skipped
[0.663s] -- Detecting CXX compile features
[0.664s] -- Detecting CXX compile features - done
[0.670s] -- Found ament_cmake: 1.3.8 (/opt/ros/humble/share/ament_cmake/cmake)
[1.032s] -- Found Python3: /usr/bin/python3 (found version "3.10.12") found components: Interpreter 
[1.242s] -- Found rclcpp: 16.0.8 (/opt/ros/humble/share/rclcpp/cmake)
[1.348s] -- Found rosidl_generator_c: 3.1.5 (/opt/ros/humble/share/rosidl_generator_c/cmake)
[1.359s] -- Found rosidl_adapter: 3.1.5 (/opt/ros/humble/share/rosidl_adapter/cmake)
[1.379s] -- Found rosidl_generator_cpp: 3.1.5 (/opt/ros/humble/share/rosidl_generator_cpp/cmake)
[1.408s] -- Using all available rosidl_typesupport_c: rosidl_typesupport_fastrtps_c;rosidl_typesupport_introspection_c
[1.443s] -- Using all available rosidl_typesupport_cpp: rosidl_typesupport_fastrtps_cpp;rosidl_typesupport_introspection_cpp
[1.576s] -- Found rmw_implementation_cmake: 6.1.1 (/opt/ros/humble/share/rmw_implementation_cmake/cmake)
[1.581s] -- Found rmw_fastrtps_cpp: 6.2.6 (/opt/ros/humble/share/rmw_fastrtps_cpp/cmake)
[1.771s] -- Found OpenSSL: /usr/lib/aarch64-linux-gnu/libcrypto.so (found version "3.0.2")  
[1.832s] -- Found FastRTPS: /opt/ros/humble/include  
[1.916s] -- Using RMW implementation 'rmw_fastrtps_cpp' as default
[1.936s] -- Looking for pthread.h
[2.078s] -- Looking for pthread.h - found
[2.079s] -- Performing Test CMAKE_HAVE_LIBC_PTHREAD
[2.240s] -- Performing Test CMAKE_HAVE_LIBC_PTHREAD - Success
[2.244s] -- Found Threads: TRUE  
[2.586s] -- Found rclcpp_lifecycle: 16.0.8 (/opt/ros/humble/share/rclcpp_lifecycle/cmake)
[2.667s] -- Found rclcpp_components: 16.0.8 (/opt/ros/humble/share/rclcpp_components/cmake)
[2.795s] -- Found std_srvs: 4.2.3 (/opt/ros/humble/share/std_srvs/cmake)
[2.831s] -- Found sensor_msgs: 4.2.3 (/opt/ros/humble/share/sensor_msgs/cmake)
[3.068s] -- Found tf2_geometry_msgs: 0.25.6 (/opt/ros/humble/share/tf2_geometry_msgs/cmake)
[3.095s] -- Found eigen3_cmake_module: 0.1.1 (/opt/ros/humble/share/eigen3_cmake_module/cmake)
[3.098s] -- Found Eigen3: TRUE (found version "3.4.0") 
[3.099s] -- Ensuring Eigen3 include directory is part of orocos-kdl CMake target
[3.637s] -- Found pcl_conversions: 2.4.0 (/opt/ros/humble/share/pcl_conversions/cmake)
[3.865s] -- Found ouster_msgs: 0.5.1 (/home/nvidia/f1tenth_ws/install/ouster_msgs/share/ouster_msgs/cmake)
[3.991s] -- Checking for module 'eigen3'
[4.011s] --   Found eigen3, version 3.4.0
[4.074s] -- Found Eigen: /usr/include/eigen3 (Required is at least version "3.1") 
[4.075s] -- Eigen found (include: /usr/include/eigen3, version: 3.4.0)
[4.120s] -- Found Boost: /usr/lib/aarch64-linux-gnu/cmake/Boost-1.74.0/BoostConfig.cmake (found suitable version "1.74.0", minimum required is "1.65.0") found components: system filesystem date_time iostreams serialization 
[4.123s] -- looking for PCL_COMMON
[4.125s] -- Found PCL_COMMON: /usr/lib/aarch64-linux-gnu/libpcl_common.so  
[4.126s] -- Found PCL: pcl_common;Boost::system;Boost::filesystem;Boost::date_time;Boost::iostreams;Boost::serialization  
[4.239s] -- Found ament_lint_auto: 0.12.10 (/opt/ros/humble/share/ament_lint_auto/cmake)
[4.455s] -- Added test 'copyright' to check source files copyright and LICENSE
[4.464s] -- Added test 'cppcheck' to perform static code analysis on C / C++ code
[4.466s] -- Configured cppcheck include dirs: /home/nvidia/f1tenth_ws/src/ros2_ouster_drivers/ros2_ouster/include
[4.466s] -- Configured cppcheck exclude dirs and/or files: 
[4.474s] -- Added test 'cpplint' to check C / C++ code against the Google style
[4.474s] -- Configured cpplint exclude dirs and/or files: 
[4.475s] -- Added test 'flake8' to check Python code syntax and style conventions
[4.477s] -- Added test 'lint_cmake' to check CMake code style
[4.479s] -- Added test 'pep257' to check Python code against some of the docstring style conventions in PEP 257
[4.485s] -- Added test 'uncrustify' to check C / C++ code style
[4.485s] -- Configured uncrustify additional arguments: 
[4.487s] -- Added test 'xmllint' to check XML markup files
[4.493s] -- Configuring done
[4.590s] -- Generating done
[4.595s] -- Build files have been written to: /home/nvidia/f1tenth_ws/build/ros2_ouster
[4.631s] Invoked command in '/home/nvidia/f1tenth_ws/build/ros2_ouster' returned '0': AMENT_PREFIX_PATH=/home/nvidia/f1tenth_ws/install/ouster_msgs:${AMENT_PREFIX_PATH} CMAKE_PREFIX_PATH=/home/nvidia/f1tenth_ws/install/ouster_msgs:/opt/ros/humble LD_LIBRARY_PATH=/home/nvidia/f1tenth_ws/install/ouster_msgs/lib:/opt/ros/humble/opt/rviz_ogre_vendor/lib:/opt/ros/humble/lib/aarch64-linux-gnu:/opt/ros/humble/lib:/usr/local/cuda-12.2/lib64 PYTHONPATH=/home/nvidia/f1tenth_ws/install/ouster_msgs/local/lib/python3.10/dist-packages:${PYTHONPATH} /usr/bin/cmake /home/nvidia/f1tenth_ws/src/ros2_ouster_drivers/ros2_ouster -DCMAKE_INSTALL_PREFIX=/home/nvidia/f1tenth_ws/install/ros2_ouster
[4.632s] Invoking command in '/home/nvidia/f1tenth_ws/build/ros2_ouster': AMENT_PREFIX_PATH=/home/nvidia/f1tenth_ws/install/ouster_msgs:${AMENT_PREFIX_PATH} CMAKE_PREFIX_PATH=/home/nvidia/f1tenth_ws/install/ouster_msgs:/opt/ros/humble LD_LIBRARY_PATH=/home/nvidia/f1tenth_ws/install/ouster_msgs/lib:/opt/ros/humble/opt/rviz_ogre_vendor/lib:/opt/ros/humble/lib/aarch64-linux-gnu:/opt/ros/humble/lib:/usr/local/cuda-12.2/lib64 PYTHONPATH=/home/nvidia/f1tenth_ws/install/ouster_msgs/local/lib/python3.10/dist-packages:${PYTHONPATH} /usr/bin/cmake --build /home/nvidia/f1tenth_ws/build/ros2_ouster -- -j6 -l6
[4.754s] [ 21%] [32mBuilding CXX object CMakeFiles/ouster_driver_core.dir/src/sensor.cpp.o[0m
[4.754s] [ 21%] [32mBuilding CXX object CMakeFiles/ouster_driver_core.dir/src/lifecycle_interface.cpp.o[0m
[4.755s] [ 28%] [32mBuilding CXX object CMakeFiles/ouster_driver_core.dir/src/ouster_driver.cpp.o[0m
[4.755s] [ 35%] [32mBuilding CXX object CMakeFiles/ouster_driver_core.dir/src/client/client.cpp.o[0m
[4.756s] [ 21%] [32mBuilding CXX object CMakeFiles/ouster_driver_core.dir/src/driver_types.cpp.o[0m
[4.771s] [ 42%] [32mBuilding CXX object CMakeFiles/ouster_driver_core.dir/src/sensor_tins.cpp.o[0m
[5.430s] In file included from [01m[K/home/nvidia/f1tenth_ws/src/ros2_ouster_drivers/ros2_ouster/src/sensor_tins.cpp:19[m[K:
[5.430s] [01m[K/home/nvidia/f1tenth_ws/src/ros2_ouster_drivers/ros2_ouster/include/ros2_ouster/sensor_tins.hpp:18:10:[m[K [01;31m[Kfatal error: [m[Ktins/packet.h: No such file or directory
[5.430s]    18 | #include [01;31m[K<tins/packet.h>[m[K
[5.430s]       |          [01;31m[K^~~~~~~~~~~~~~~[m[K
[5.430s] compilation terminated.
[5.435s] gmake[2]: *** [CMakeFiles/ouster_driver_core.dir/build.make:132: CMakeFiles/ouster_driver_core.dir/src/sensor_tins.cpp.o] Error 1
[5.435s] gmake[2]: *** Waiting for unfinished jobs....
[8.459s] In file included from [01m[K/home/nvidia/f1tenth_ws/src/ros2_ouster_drivers/ros2_ouster/src/ouster_driver.cpp:28[m[K:
[8.459s] [01m[K/home/nvidia/f1tenth_ws/src/ros2_ouster_drivers/ros2_ouster/include/ros2_ouster/sensor_tins.hpp:18:10:[m[K [01;31m[Kfatal error: [m[Ktins/packet.h: No such file or directory
[8.459s]    18 | #include [01;31m[K<tins/packet.h>[m[K
[8.459s]       |          [01;31m[K^~~~~~~~~~~~~~~[m[K
[8.459s] compilation terminated.
[8.483s] In file included from [01m[K/home/nvidia/f1tenth_ws/src/ros2_ouster_drivers/ros2_ouster/src/driver_types.cpp:20[m[K:
[8.483s] [01m[K/home/nvidia/f1tenth_ws/src/ros2_ouster_drivers/ros2_ouster/include/ros2_ouster/sensor_tins.hpp:18:10:[m[K [01;31m[Kfatal error: [m[Ktins/packet.h: No such file or directory
[8.483s]    18 | #include [01;31m[K<tins/packet.h>[m[K
[8.484s]       |          [01;31m[K^~~~~~~~~~~~~~~[m[K
[8.484s] compilation terminated.
[8.500s] gmake[2]: *** [CMakeFiles/ouster_driver_core.dir/build.make:90: CMakeFiles/ouster_driver_core.dir/src/ouster_driver.cpp.o] Error 1
[8.519s] gmake[2]: *** [CMakeFiles/ouster_driver_core.dir/build.make:76: CMakeFiles/ouster_driver_core.dir/src/driver_types.cpp.o] Error 1
[28.002s] gmake[1]: *** [CMakeFiles/Makefile2:141: CMakeFiles/ouster_driver_core.dir/all] Error 2
[28.002s] gmake: *** [Makefile:146: all] Error 2
[28.008s] Invoked command in '/home/nvidia/f1tenth_ws/build/ros2_ouster' returned '2': AMENT_PREFIX_PATH=/home/nvidia/f1tenth_ws/install/ouster_msgs:${AMENT_PREFIX_PATH} CMAKE_PREFIX_PATH=/home/nvidia/f1tenth_ws/install/ouster_msgs:/opt/ros/humble LD_LIBRARY_PATH=/home/nvidia/f1tenth_ws/install/ouster_msgs/lib:/opt/ros/humble/opt/rviz_ogre_vendor/lib:/opt/ros/humble/lib/aarch64-linux-gnu:/opt/ros/humble/lib:/usr/local/cuda-12.2/lib64 PYTHONPATH=/home/nvidia/f1tenth_ws/install/ouster_msgs/local/lib/python3.10/dist-packages:${PYTHONPATH} /usr/bin/cmake --build /home/nvidia/f1tenth_ws/build/ros2_ouster -- -j6 -l6
