[35m[1mConsolidate compiler generated dependencies of target ouster_sensor_msgs__rosidl_generator_c[0m
failed to create symbolic link '/home/nvidia/f1tenth_ws/build/ouster_sensor_msgs/ament_cmake_python/ouster_sensor_msgs/ouster_sensor_msgs' because existing path cannot be removed: Is a directory
[  1%] Built target ouster_sensor_msgs__cpp
gmake[2]: *** [CMakeFiles/ament_cmake_python_symlink_ouster_sensor_msgs.dir/build.make:70: CMakeFiles/ament_cmake_python_symlink_ouster_sensor_msgs] Error 1
gmake[1]: *** [CMakeFiles/Makefile2:421: CMakeFiles/ament_cmake_python_symlink_ouster_sensor_msgs.dir/all] Error 2
gmake[1]: *** Waiting for unfinished jobs....
[ 12%] Built target ouster_sensor_msgs__rosidl_generator_c
[35m[1mConsolidate compiler generated dependencies of target ouster_sensor_msgs__rosidl_typesupport_cpp[0m
[ 16%] [32mBuilding CXX object CMakeFiles/ouster_sensor_msgs__rosidl_typesupport_cpp.dir/rosidl_typesupport_cpp/ouster_sensor_msgs/srv/get_metadata__type_support.cpp.o[0m
[ 16%] [32mBuilding CXX object CMakeFiles/ouster_sensor_msgs__rosidl_typesupport_cpp.dir/rosidl_typesupport_cpp/ouster_sensor_msgs/msg/packet_msg__type_support.cpp.o[0m
[ 18%] [32mBuilding CXX object CMakeFiles/ouster_sensor_msgs__rosidl_typesupport_cpp.dir/rosidl_typesupport_cpp/ouster_sensor_msgs/srv/get_config__type_support.cpp.o[0m
[ 20%] [32mBuilding CXX object CMakeFiles/ouster_sensor_msgs__rosidl_typesupport_cpp.dir/rosidl_typesupport_cpp/ouster_sensor_msgs/srv/set_config__type_support.cpp.o[0m
[ 21%] [32m[1mLinking CXX shared library libouster_sensor_msgs__rosidl_typesupport_cpp.so[0m
[ 23%] Built target ouster_sensor_msgs__rosidl_typesupport_cpp
gmake: *** [Makefile:146: all] Error 2
