[0.025s] Invoking command in '/home/nvidia/f1tenth_ws/build/ouster_sensor_msgs': CMAKE_PREFIX_PATH=${CMAKE_PREFIX_PATH}:/home/nvidia/f1tenth_ws/install/f1tenth_stack:/home/nvidia/f1tenth_ws/install/joy_teleop:/home/nvidia/f1tenth_ws/install/mouse_teleop:/home/nvidia/f1tenth_ws/install/key_teleop:/opt/ros/humble /usr/bin/cmake --build /home/nvidia/f1tenth_ws/build/ouster_sensor_msgs -- -j6 -l6
[0.131s] [35m[1mConsolidate compiler generated dependencies of target ouster_sensor_msgs__rosidl_generator_c[0m
[0.158s] failed to create symbolic link '/home/nvidia/f1tenth_ws/build/ouster_sensor_msgs/ament_cmake_python/ouster_sensor_msgs/ouster_sensor_msgs' because existing path cannot be removed: Is a directory
[0.158s] [  1%] Built target ouster_sensor_msgs__cpp
[0.160s] gmake[2]: *** [CMakeFiles/ament_cmake_python_symlink_ouster_sensor_msgs.dir/build.make:70: CMakeFiles/ament_cmake_python_symlink_ouster_sensor_msgs] Error 1
[0.160s] gmake[1]: *** [CMakeFiles/Makefile2:421: CMakeFiles/ament_cmake_python_symlink_ouster_sensor_msgs.dir/all] Error 2
[0.160s] gmake[1]: *** Waiting for unfinished jobs....
[0.161s] [ 12%] Built target ouster_sensor_msgs__rosidl_generator_c
[0.185s] [35m[1mConsolidate compiler generated dependencies of target ouster_sensor_msgs__rosidl_typesupport_cpp[0m
[0.220s] [ 16%] [32mBuilding CXX object CMakeFiles/ouster_sensor_msgs__rosidl_typesupport_cpp.dir/rosidl_typesupport_cpp/ouster_sensor_msgs/srv/get_metadata__type_support.cpp.o[0m
[0.221s] [ 16%] [32mBuilding CXX object CMakeFiles/ouster_sensor_msgs__rosidl_typesupport_cpp.dir/rosidl_typesupport_cpp/ouster_sensor_msgs/msg/packet_msg__type_support.cpp.o[0m
[0.221s] [ 18%] [32mBuilding CXX object CMakeFiles/ouster_sensor_msgs__rosidl_typesupport_cpp.dir/rosidl_typesupport_cpp/ouster_sensor_msgs/srv/get_config__type_support.cpp.o[0m
[0.223s] [ 20%] [32mBuilding CXX object CMakeFiles/ouster_sensor_msgs__rosidl_typesupport_cpp.dir/rosidl_typesupport_cpp/ouster_sensor_msgs/srv/set_config__type_support.cpp.o[0m
[0.848s] [ 21%] [32m[1mLinking CXX shared library libouster_sensor_msgs__rosidl_typesupport_cpp.so[0m
[0.951s] [ 23%] Built target ouster_sensor_msgs__rosidl_typesupport_cpp
[0.954s] gmake: *** [Makefile:146: all] Error 2
[0.959s] Invoked command in '/home/nvidia/f1tenth_ws/build/ouster_sensor_msgs' returned '2': CMAKE_PREFIX_PATH=${CMAKE_PREFIX_PATH}:/home/nvidia/f1tenth_ws/install/f1tenth_stack:/home/nvidia/f1tenth_ws/install/joy_teleop:/home/nvidia/f1tenth_ws/install/mouse_teleop:/home/nvidia/f1tenth_ws/install/key_teleop:/opt/ros/humble /usr/bin/cmake --build /home/nvidia/f1tenth_ws/build/ouster_sensor_msgs -- -j6 -l6
