[0.040s] Invoking command in '/home/nvidia/f1tenth_ws/build/ros2_ouster': AMENT_PREFIX_PATH=/home/nvidia/f1tenth_ws/install/ouster_msgs:${AMENT_PREFIX_PATH} CMAKE_PREFIX_PATH=/home/nvidia/f1tenth_ws/install/ouster_msgs:/opt/ros/humble LD_LIBRARY_PATH=/home/nvidia/f1tenth_ws/install/ouster_msgs/lib:/opt/ros/humble/opt/rviz_ogre_vendor/lib:/opt/ros/humble/lib/aarch64-linux-gnu:/opt/ros/humble/lib:/usr/local/cuda-12.2/lib64 PYTHONPATH=/home/nvidia/f1tenth_ws/install/ouster_msgs/local/lib/python3.10/dist-packages:${PYTHONPATH} /usr/bin/cmake --build /home/nvidia/f1tenth_ws/build/ros2_ouster -- -j6 -l6
[0.171s] [35m[1mConsolidate compiler generated dependencies of target ouster_driver_core[0m
[0.229s] [  7%] [32mBuilding CXX object CMakeFiles/ouster_driver_core.dir/src/driver_types.cpp.o[0m
[0.235s] [ 14%] [32mBuilding CXX object CMakeFiles/ouster_driver_core.dir/src/ouster_driver.cpp.o[0m
[0.246s] [ 21%] [32mBuilding CXX object CMakeFiles/ouster_driver_core.dir/src/sensor_tins.cpp.o[0m
[0.272s] [ 28%] [32mBuilding CXX object CMakeFiles/ouster_driver_core.dir/src/client/types.cpp.o[0m
[0.273s] [ 35%] [32mBuilding CXX object CMakeFiles/ouster_driver_core.dir/src/client/lidar_scan.cpp.o[0m
[0.309s] [ 42%] [32mBuilding CXX object CMakeFiles/ouster_driver_core.dir/src/client/netcompat.cpp.o[0m
[1.460s] In file included from [01m[K/home/nvidia/f1tenth_ws/src/ros2_ouster_drivers/ros2_ouster/src/sensor_tins.cpp:19[m[K:
[1.480s] [01m[K/home/nvidia/f1tenth_ws/src/ros2_ouster_drivers/ros2_ouster/include/ros2_ouster/sensor_tins.hpp:18:10:[m[K [01;31m[Kfatal error: [m[Ktins/packet.h: No such file or directory
[1.480s]    18 | #include [01;31m[K<tins/packet.h>[m[K
[1.480s]       |          [01;31m[K^~~~~~~~~~~~~~~[m[K
[1.481s] compilation terminated.
[1.513s] gmake[2]: *** [CMakeFiles/ouster_driver_core.dir/build.make:132: CMakeFiles/ouster_driver_core.dir/src/sensor_tins.cpp.o] Error 1
[1.513s] gmake[2]: *** Waiting for unfinished jobs....
[4.256s] In file included from [01m[K/home/nvidia/f1tenth_ws/src/ros2_ouster_drivers/ros2_ouster/src/ouster_driver.cpp:28[m[K:
[4.257s] [01m[K/home/nvidia/f1tenth_ws/src/ros2_ouster_drivers/ros2_ouster/include/ros2_ouster/sensor_tins.hpp:18:10:[m[K [01;31m[Kfatal error: [m[Ktins/packet.h: No such file or directory
[4.257s]    18 | #include [01;31m[K<tins/packet.h>[m[K
[4.257s]       |          [01;31m[K^~~~~~~~~~~~~~~[m[K
[4.257s] compilation terminated.
[4.287s] gmake[2]: *** [CMakeFiles/ouster_driver_core.dir/build.make:90: CMakeFiles/ouster_driver_core.dir/src/ouster_driver.cpp.o] Error 1
[4.611s] In file included from [01m[K/home/nvidia/f1tenth_ws/src/ros2_ouster_drivers/ros2_ouster/src/driver_types.cpp:20[m[K:
[4.611s] [01m[K/home/nvidia/f1tenth_ws/src/ros2_ouster_drivers/ros2_ouster/include/ros2_ouster/sensor_tins.hpp:18:10:[m[K [01;31m[Kfatal error: [m[Ktins/packet.h: No such file or directory
[4.611s]    18 | #include [01;31m[K<tins/packet.h>[m[K
[4.611s]       |          [01;31m[K^~~~~~~~~~~~~~~[m[K
[4.611s] compilation terminated.
[4.643s] gmake[2]: *** [CMakeFiles/ouster_driver_core.dir/build.make:76: CMakeFiles/ouster_driver_core.dir/src/driver_types.cpp.o] Error 1
[7.990s] gmake[1]: *** [CMakeFiles/Makefile2:141: CMakeFiles/ouster_driver_core.dir/all] Error 2
[7.991s] gmake: *** [Makefile:146: all] Error 2
[7.997s] Invoked command in '/home/nvidia/f1tenth_ws/build/ros2_ouster' returned '2': AMENT_PREFIX_PATH=/home/nvidia/f1tenth_ws/install/ouster_msgs:${AMENT_PREFIX_PATH} CMAKE_PREFIX_PATH=/home/nvidia/f1tenth_ws/install/ouster_msgs:/opt/ros/humble LD_LIBRARY_PATH=/home/nvidia/f1tenth_ws/install/ouster_msgs/lib:/opt/ros/humble/opt/rviz_ogre_vendor/lib:/opt/ros/humble/lib/aarch64-linux-gnu:/opt/ros/humble/lib:/usr/local/cuda-12.2/lib64 PYTHONPATH=/home/nvidia/f1tenth_ws/install/ouster_msgs/local/lib/python3.10/dist-packages:${PYTHONPATH} /usr/bin/cmake --build /home/nvidia/f1tenth_ws/build/ros2_ouster -- -j6 -l6
